Build started 4/19/2019 9:25:08 AM.
     1>Project "C:\Users\Computer\Desktop\LTHDT\GameC++\GameC++BangVisualStudio\GameBanMayBay\GameBanMayBay.vcxproj" on node 2 (build target(s)).
     1>InitializeBuildStatus:
         Touching "Release\GameBanMayBay.unsuccessfulbuild".
       ClCompile:
         C:\Program Files (x86)\Microsoft Visual Studio 10.0\VC\bin\CL.exe /c /Zi /nologo /W3 /WX- /O2 /Oi /Oy- /GL /D _MBCS /Gm- /EHsc /MD /GS /Gy /fp:precise /Zc:wchar_t /Zc:forScope /Fo"Release\\" /Fd"Release\vc100.pdb" /Gd /TP /analyze- /errorReport:prompt KeDich.cpp main.cpp
         KeDich.cpp
     1>KeDich.cpp(5): warning C4244: '=' : conversion from 'double' to 'Sint16', possible loss of data
     1>KeDich.cpp(13): warning C4018: '<' : signed/unsigned mismatch
     1>KeDich.cpp(31): warning C4244: 'argument' : conversion from 'double' to 'const int', possible loss of data
     1>KeDich.cpp(39): warning C4018: '<' : signed/unsigned mismatch
     1>KeDich.cpp(48): warning C4244: 'argument' : conversion from 'double' to 'const int', possible loss of data
     1>KeDich.cpp(59): warning C4244: '=' : conversion from 'double' to 'int', possible loss of data
     1>KeDich.cpp(71): warning C4244: 'argument' : conversion from 'double' to 'const int', possible loss of data
     1>KeDich.cpp(77): warning C4244: '=' : conversion from 'double' to 'int', possible loss of data
         main.cpp
     1>main.cpp(99): warning C4244: '=' : conversion from 'double' to 'int', possible loss of data
     1>main.cpp(153): warning C4018: '<' : signed/unsigned mismatch
     1>main.cpp(169): warning C4244: 'initializing' : conversion from 'double' to 'int', possible loss of data
     1>main.cpp(170): warning C4244: 'initializing' : conversion from 'double' to 'int', possible loss of data
     1>main.cpp(217): warning C4018: '<' : signed/unsigned mismatch
     1>main.cpp(225): warning C4244: 'initializing' : conversion from 'double' to 'int', possible loss of data
     1>main.cpp(226): warning C4244: 'initializing' : conversion from 'double' to 'int', possible loss of data
       Link:
         C:\Program Files (x86)\Microsoft Visual Studio 10.0\VC\bin\link.exe /ERRORREPORT:PROMPT /OUT:"C:\Users\Computer\Desktop\LTHDT\GameC++\GameC++BangVisualStudio\Release\GameBanMayBay.exe" /NOLOGO SDL.lib SDLmain.lib SDL_image.lib SDL_mixer.lib SDL_ttf.lib kernel32.lib user32.lib gdi32.lib winspool.lib comdlg32.lib advapi32.lib shell32.lib ole32.lib oleaut32.lib uuid.lib odbc32.lib odbccp32.lib /MANIFEST /ManifestFile:"Release\GameBanMayBay.exe.intermediate.manifest" /MANIFESTUAC:"level='asInvoker' uiAccess='false'" /DEBUG /PDB:"C:\Users\Computer\Desktop\LTHDT\GameC++\GameC++BangVisualStudio\Release\GameBanMayBay.pdb" /SUBSYSTEM:CONSOLE /OPT:REF /OPT:ICF /LTCG /TLBID:1 /DYNAMICBASE /NXCOMPAT /IMPLIB:"C:\Users\Computer\Desktop\LTHDT\GameC++\GameC++BangVisualStudio\Release\GameBanMayBay.lib" /MACHINE:X86 Release\Dan.obj
         Release\DoiTuongChinh.obj
         Release\DoiTuongCoBan.obj
         Release\KeDich.obj
         Release\main.obj
         Release\Mang.obj
         Release\TextDiem.obj
         Release\VuNo.obj
         Release\XuLiChung.obj
         Generating code
         Finished generating code
         GameBanMayBay.vcxproj -> C:\Users\Computer\Desktop\LTHDT\GameC++\GameC++BangVisualStudio\Release\GameBanMayBay.exe
       Manifest:
         C:\Program Files (x86)\Microsoft SDKs\Windows\v7.0A\bin\mt.exe /nologo /verbose /outputresource:"C:\Users\Computer\Desktop\LTHDT\GameC++\GameC++BangVisualStudio\Release\GameBanMayBay.exe;#1" /manifest Release\GameBanMayBay.exe.intermediate.manifest
       FinalizeBuildStatus:
         Deleting file "Release\GameBanMayBay.unsuccessfulbuild".
         Touching "Release\GameBanMayBay.lastbuildstate".
     1>Done Building Project "C:\Users\Computer\Desktop\LTHDT\GameC++\GameC++BangVisualStudio\GameBanMayBay\GameBanMayBay.vcxproj" (build target(s)).

Build succeeded.

Time Elapsed 00:00:04.51
