Build started 5/5/2019 10:59:21 PM.
     1>Project "C:\Users\Computer\Desktop\LTHDT\GameC++\GameC++BangVisualStudio\GameBanMayBay\GameBanMayBay.vcxproj" on node 2 (build target(s)).
     1>InitializeBuildStatus:
         Creating "Debug\GameBanMayBay.unsuccessfulbuild" because "AlwaysCreate" was specified.
       ClCompile:
         C:\Program Files (x86)\Microsoft Visual Studio 10.0\VC\bin\CL.exe /c /ZI /nologo /W3 /WX- /Od /Oy- /D _MBCS /Gm /EHsc /RTC1 /MDd /GS /fp:precise /Zc:wchar_t /Zc:forScope /Fo"Debug\\" /Fd"Debug\vc100.pdb" /Gd /TP /analyze- /errorReport:prompt DoiTuongChinh.cpp
         DoiTuongChinh.cpp
     1>c:\users\computer\desktop\lthdt\gamec++\gamec++bangvisualstudio\gamebanmaybay\doituongchinh.cpp(101): warning C4018: '<' : signed/unsigned mismatch
       Link:
         C:\Program Files (x86)\Microsoft Visual Studio 10.0\VC\bin\link.exe /ERRORREPORT:PROMPT /OUT:"C:\Users\Computer\Desktop\LTHDT\GameC++\GameC++BangVisualStudio\Debug\GameBanMayBay.exe" /NOLOGO SDL.lib SDLmain.lib SDL_image.lib SDL_mixer.lib SDL_ttf.lib kernel32.lib user32.lib gdi32.lib winspool.lib comdlg32.lib advapi32.lib shell32.lib ole32.lib oleaut32.lib uuid.lib odbc32.lib odbccp32.lib /MANIFEST /ManifestFile:"Debug\GameBanMayBay.exe.intermediate.manifest" /MANIFESTUAC:"level='asInvoker' uiAccess='false'" /DEBUG /PDB:"C:\Users\Computer\Desktop\LTHDT\GameC++\GameC++BangVisualStudio\Debug\GameBanMayBay.pdb" /SUBSYSTEM:CONSOLE /TLBID:1 /DYNAMICBASE /NXCOMPAT /IMPLIB:"C:\Users\Computer\Desktop\LTHDT\GameC++\GameC++BangVisualStudio\Debug\GameBanMayBay.lib" /MACHINE:X86 Debug\Dan.obj
         Debug\DoiTuongChinh.obj
         Debug\DoiTuongCoBan.obj
         Debug\KeDich.obj
         Debug\main.obj
         Debug\Mang.obj
         Debug\TextDiem.obj
         Debug\VuNo.obj
         Debug\XuLiChung.obj
         LINK : C:\Users\Computer\Desktop\LTHDT\GameC++\GameC++BangVisualStudio\Debug\GameBanMayBay.exe not found or not built by the last incremental link; performing full link
     1>MSVCRTD.lib(cinitexe.obj) : warning LNK4098: defaultlib 'msvcrt.lib' conflicts with use of other libs; use /NODEFAULTLIB:library
         GameBanMayBay.vcxproj -> C:\Users\Computer\Desktop\LTHDT\GameC++\GameC++BangVisualStudio\Debug\GameBanMayBay.exe
       Manifest:
         C:\Program Files (x86)\Microsoft SDKs\Windows\v7.0A\bin\mt.exe /nologo /verbose /outputresource:"C:\Users\Computer\Desktop\LTHDT\GameC++\GameC++BangVisualStudio\Debug\GameBanMayBay.exe;#1" /manifest Debug\GameBanMayBay.exe.intermediate.manifest
       FinalizeBuildStatus:
         Deleting file "Debug\GameBanMayBay.unsuccessfulbuild".
         Touching "Debug\GameBanMayBay.lastbuildstate".
     1>Done Building Project "C:\Users\Computer\Desktop\LTHDT\GameC++\GameC++BangVisualStudio\GameBanMayBay\GameBanMayBay.vcxproj" (build target(s)).

Build succeeded.

Time Elapsed 00:00:02.35
